CricZodiac/android/app/build/intermediates/manifest_merge_blame_file/release/processReleaseMainManifest/manifest-merger-blame-release-report.txt
1<?xml version="1.0" encoding="utf-8"?>
2<manifest xmlns:android="http://schemas.android.com/apk/res/android"
3    package="com.criczodiac"
4    android:versionCode="5"
5    android:versionName="1.0.0" >
6
7    <uses-sdk
8        android:minSdkVersion="26"
9        android:targetSdkVersion="35" />
10
11    <uses-permission android:name="android.permission.INTERNET" />
11-->src/main/AndroidManifest.xml:4:5-67
11-->src/main/AndroidManifest.xml:4:22-64
12    <uses-permission android:name="android.permission.ACCESS_NETWORK_STATE" />
12-->src/main/AndroidManifest.xml:5:5-79
12-->src/main/AndroidManifest.xml:5:22-76
13    <!-- react-native-vision-camera (ball tracking) + image-picker launchCamera -->
14    <uses-permission android:name="android.permission.CAMERA" />
14-->src/main/AndroidManifest.xml:10:5-65
14-->src/main/AndroidManifest.xml:10:22-62
15    <!--
16      Note: no READ_MEDIA_IMAGES / READ_EXTERNAL_STORAGE.
17      Picking a player/profile photo uses launchImageLibrary, which goes through the
18      Android system photo picker (no permission needed) and complies with Google
19      Play's Photo & Video Permissions policy for one-time photo selection.
20    -->
21    <!--
22         react-native-fs declares WRITE_EXTERNAL_STORAGE uncapped; cap it to ≤ API 32
23         (irrelevant under scoped storage on Android 13+).
24    -->
25    <uses-permission
25-->src/main/AndroidManifest.xml:19:5-21:32
26        android:name="android.permission.WRITE_EXTERNAL_STORAGE"
26-->src/main/AndroidManifest.xml:19:22-78
27        android:maxSdkVersion="32" />
27-->src/main/AndroidManifest.xml:20:9-35
28    <uses-permission android:name="android.permission.ACCESS_WIFI_STATE" />
28-->[:react-native-community_netinfo] AndroidManifest.xml:8:5-76
28-->[:react-native-community_netinfo] AndroidManifest.xml:8:22-73
29    <uses-permission android:name="android.permission.READ_EXTERNAL_STORAGE" />
30
31    <permission
31-->[androidx.core:core:1.9.0] AndroidManifest.xml:22:5-24:47
32        android:name="com.criczodiac.DYNAMIC_RECEIVER_NOT_EXPORTED_PERMISSION"
32-->[androidx.core:core:1.9.0] AndroidManifest.xml:23:9-81
33        android:protectionLevel="signature" />
33-->[androidx.core:core:1.9.0] AndroidManifest.xml:24:9-44
34
35    <uses-permission android:name="com.criczodiac.DYNAMIC_RECEIVER_NOT_EXPORTED_PERMISSION" />
35-->[androidx.core:core:1.9.0] AndroidManifest.xml:26:5-97
35-->[androidx.core:core:1.9.0] AndroidManifest.xml:26:22-94
36
37    <application
37-->src/main/AndroidManifest.xml:23:5-42:19
38        android:name="com.criczodiac.MainApplication"
38-->src/main/AndroidManifest.xml:24:7-38
39        android:allowBackup="false"
39-->src/main/AndroidManifest.xml:28:7-34
40        android:appComponentFactory="androidx.core.app.CoreComponentFactory"
40-->[androidx.core:core:1.9.0] AndroidManifest.xml:28:18-86
41        android:extractNativeLibs="false"
42        android:icon="@mipmap/ic_launcher"
42-->src/main/AndroidManifest.xml:26:7-41
43        android:label="@string/app_name"
43-->src/main/AndroidManifest.xml:25:7-39
44        android:roundIcon="@mipmap/ic_launcher_round"
44-->src/main/AndroidManifest.xml:27:7-52
45        android:theme="@style/AppTheme" >
45-->src/main/AndroidManifest.xml:29:7-38
46        <activity
46-->src/main/AndroidManifest.xml:30:7-41:18
47            android:name="com.criczodiac.MainActivity"
47-->src/main/AndroidManifest.xml:31:9-37
48            android:configChanges="keyboard|keyboardHidden|orientation|screenLayout|screenSize|smallestScreenSize|uiMode"
48-->src/main/AndroidManifest.xml:33:9-118
49            android:exported="true"
49-->src/main/AndroidManifest.xml:36:9-32
50            android:label="@string/app_name"
50-->src/main/AndroidManifest.xml:32:9-41
51            android:launchMode="singleTask"
51-->src/main/AndroidManifest.xml:34:9-40
52            android:windowSoftInputMode="adjustResize" >
52-->src/main/AndroidManifest.xml:35:9-51
53            <intent-filter>
53-->src/main/AndroidManifest.xml:37:9-40:25
54                <action android:name="android.intent.action.MAIN" />
54-->src/main/AndroidManifest.xml:38:13-65
54-->src/main/AndroidManifest.xml:38:21-62
55
56                <category android:name="android.intent.category.LAUNCHER" />
56-->src/main/AndroidManifest.xml:39:13-73
56-->src/main/AndroidManifest.xml:39:23-70
57            </intent-filter>
58        </activity>
59
60        <meta-data
60-->[:react-native-firebase_app] AndroidManifest.xml:9:9-11:36
61            android:name="app_data_collection_default_enabled"
61-->[:react-native-firebase_app] AndroidManifest.xml:10:13-63
62            android:value="true" />
62-->[:react-native-firebase_app] AndroidManifest.xml:11:13-33
63
64        <service
64-->[:react-native-firebase_app] AndroidManifest.xml:13:9-21:19
65            android:name="com.google.firebase.components.ComponentDiscoveryService"
65-->[:react-native-firebase_app] AndroidManifest.xml:14:13-84
66            android:directBootAware="true"
66-->[:react-native-firebase_app] AndroidManifest.xml:15:13-43
67            android:exported="false" >
67-->[:react-native-firebase_app] AndroidManifest.xml:16:13-37
68            <meta-data
68-->[:react-native-firebase_app] AndroidManifest.xml:18:13-20:85
69                android:name="com.google.firebase.components:io.invertase.firebase.app.ReactNativeFirebaseAppRegistrar"
69-->[:react-native-firebase_app] AndroidManifest.xml:19:17-120
70                android:value="com.google.firebase.components.ComponentRegistrar" />
70-->[:react-native-firebase_app] AndroidManifest.xml:20:17-82
71            <meta-data
71-->[com.google.firebase:firebase-common:22.0.1] AndroidManifest.xml:35:13-37:85
72                android:name="com.google.firebase.components:com.google.firebase.FirebaseCommonKtxRegistrar"
72-->[com.google.firebase:firebase-common:22.0.1] AndroidManifest.xml:36:17-109
73                android:value="com.google.firebase.components.ComponentRegistrar" />
73-->[com.google.firebase:firebase-common:22.0.1] AndroidManifest.xml:37:17-82
74        </service>
75
76        <provider
76-->[:react-native-firebase_app] AndroidManifest.xml:23:9-27:38
77            android:name="io.invertase.firebase.app.ReactNativeFirebaseAppInitProvider"
77-->[:react-native-firebase_app] AndroidManifest.xml:24:13-88
78            android:authorities="com.criczodiac.reactnativefirebaseappinitprovider"
78-->[:react-native-firebase_app] AndroidManifest.xml:25:13-86
79            android:exported="false"
79-->[:react-native-firebase_app] AndroidManifest.xml:26:13-37
80            android:initOrder="99" />
80-->[:react-native-firebase_app] AndroidManifest.xml:27:13-35
81        <provider
81-->[:react-native-image-picker] AndroidManifest.xml:8:9-16:20
82            android:name="com.imagepicker.ImagePickerProvider"
82-->[:react-native-image-picker] AndroidManifest.xml:9:13-63
83            android:authorities="com.criczodiac.imagepickerprovider"
83-->[:react-native-image-picker] AndroidManifest.xml:10:13-71
84            android:exported="false"
84-->[:react-native-image-picker] AndroidManifest.xml:11:13-37
85            android:grantUriPermissions="true" >
85-->[:react-native-image-picker] AndroidManifest.xml:12:13-47
86            <meta-data
86-->[:react-native-image-picker] AndroidManifest.xml:13:13-15:70
87                android:name="android.support.FILE_PROVIDER_PATHS"
87-->[:react-native-image-picker] AndroidManifest.xml:14:17-67
88                android:resource="@xml/imagepicker_provider_paths" />
88-->[:react-native-image-picker] AndroidManifest.xml:15:17-67
89        </provider>
90        <provider
90-->[:react-native-share] AndroidManifest.xml:8:9-16:20
91            android:name="cl.json.RNShareFileProvider"
91-->[:react-native-share] AndroidManifest.xml:9:13-55
92            android:authorities="com.criczodiac.rnshare.fileprovider"
92-->[:react-native-share] AndroidManifest.xml:10:13-72
93            android:exported="false"
93-->[:react-native-share] AndroidManifest.xml:11:13-37
94            android:grantUriPermissions="true" >
94-->[:react-native-share] AndroidManifest.xml:12:13-47
95            <meta-data
95-->[:react-native-image-picker] AndroidManifest.xml:13:13-15:70
96                android:name="android.support.FILE_PROVIDER_PATHS"
96-->[:react-native-image-picker] AndroidManifest.xml:14:17-67
97                android:resource="@xml/share_download_paths" />
97-->[:react-native-image-picker] AndroidManifest.xml:15:17-67
98        </provider>
99
100        <activity
100-->[com.google.android.gms:play-services-auth:21.5.0] AndroidManifest.xml:23:9-27:75
101            android:name="com.google.android.gms.auth.api.signin.internal.SignInHubActivity"
101-->[com.google.android.gms:play-services-auth:21.5.0] AndroidManifest.xml:24:13-93
102            android:excludeFromRecents="true"
102-->[com.google.android.gms:play-services-auth:21.5.0] AndroidManifest.xml:25:13-46
103            android:exported="false"
103-->[com.google.android.gms:play-services-auth:21.5.0] AndroidManifest.xml:26:13-37
104            android:theme="@android:style/Theme.Translucent.NoTitleBar" />
104-->[com.google.android.gms:play-services-auth:21.5.0] AndroidManifest.xml:27:13-72
105        <!--
106            Service handling Google Sign-In user revocation. For apps that do not integrate with
107            Google Sign-In, this service will never be started.
108        -->
109        <service
109-->[com.google.android.gms:play-services-auth:21.5.0] AndroidManifest.xml:33:9-37:51
110            android:name="com.google.android.gms.auth.api.signin.RevocationBoundService"
110-->[com.google.android.gms:play-services-auth:21.5.0] AndroidManifest.xml:34:13-89
111            android:exported="true"
111-->[com.google.android.gms:play-services-auth:21.5.0] AndroidManifest.xml:35:13-36
112            android:permission="com.google.android.gms.auth.api.signin.permission.REVOCATION_NOTIFICATION"
112-->[com.google.android.gms:play-services-auth:21.5.0] AndroidManifest.xml:36:13-107
113            android:visibleToInstantApps="true" />
113-->[com.google.android.gms:play-services-auth:21.5.0] AndroidManifest.xml:37:13-48
114        <service
114-->[com.google.android.gms:play-services-mlkit-barcode-scanning:18.3.0] AndroidManifest.xml:9:9-15:19
115            android:name="com.google.mlkit.common.internal.MlKitComponentDiscoveryService"
115-->[com.google.android.gms:play-services-mlkit-barcode-scanning:18.3.0] AndroidManifest.xml:10:13-91
116            android:directBootAware="true"
116-->[com.google.mlkit:common:18.9.0] AndroidManifest.xml:17:13-43
117            android:exported="false" >
117-->[com.google.android.gms:play-services-mlkit-barcode-scanning:18.3.0] AndroidManifest.xml:11:13-37
118            <meta-data
118-->[com.google.android.gms:play-services-mlkit-barcode-scanning:18.3.0] AndroidManifest.xml:12:13-14:85
119                android:name="com.google.firebase.components:com.google.mlkit.vision.barcode.internal.BarcodeRegistrar"
119-->[com.google.android.gms:play-services-mlkit-barcode-scanning:18.3.0] AndroidManifest.xml:13:17-120
120                android:value="com.google.firebase.components.ComponentRegistrar" />
120-->[com.google.android.gms:play-services-mlkit-barcode-scanning:18.3.0] AndroidManifest.xml:14:17-82
121            <meta-data
121-->[com.google.mlkit:vision-common:17.3.0] AndroidManifest.xml:12:13-14:85
122                android:name="com.google.firebase.components:com.google.mlkit.vision.common.internal.VisionCommonRegistrar"
122-->[com.google.mlkit:vision-common:17.3.0] AndroidManifest.xml:13:17-124
123                android:value="com.google.firebase.components.ComponentRegistrar" />
123-->[com.google.mlkit:vision-common:17.3.0] AndroidManifest.xml:14:17-82
124            <meta-data
124-->[com.google.mlkit:common:18.9.0] AndroidManifest.xml:20:13-22:85
125                android:name="com.google.firebase.components:com.google.mlkit.common.internal.CommonComponentRegistrar"
125-->[com.google.mlkit:common:18.9.0] AndroidManifest.xml:21:17-120
126                android:value="com.google.firebase.components.ComponentRegistrar" />
126-->[com.google.mlkit:common:18.9.0] AndroidManifest.xml:22:17-82
127        </service>
128
129        <provider
129-->[com.google.mlkit:common:18.9.0] AndroidManifest.xml:9:9-13:38
130            android:name="com.google.mlkit.common.internal.MlKitInitProvider"
130-->[com.google.mlkit:common:18.9.0] AndroidManifest.xml:10:13-78
131            android:authorities="com.criczodiac.mlkitinitprovider"
131-->[com.google.mlkit:common:18.9.0] AndroidManifest.xml:11:13-69
132            android:exported="false"
132-->[com.google.mlkit:common:18.9.0] AndroidManifest.xml:12:13-37
133            android:initOrder="99" />
133-->[com.google.mlkit:common:18.9.0] AndroidManifest.xml:13:13-35
134
135        <activity
135-->[com.google.android.gms:play-services-base:18.5.0] AndroidManifest.xml:5:9-173
136            android:name="com.google.android.gms.common.api.GoogleApiActivity"
136-->[com.google.android.gms:play-services-base:18.5.0] AndroidManifest.xml:5:19-85
137            android:exported="false"
137-->[com.google.android.gms:play-services-base:18.5.0] AndroidManifest.xml:5:146-170
138            android:theme="@android:style/Theme.Translucent.NoTitleBar" />
138-->[com.google.android.gms:play-services-base:18.5.0] AndroidManifest.xml:5:86-145
139
140        <provider
140-->[com.google.firebase:firebase-common:22.0.1] AndroidManifest.xml:23:9-28:39
141            android:name="com.google.firebase.provider.FirebaseInitProvider"
141-->[com.google.firebase:firebase-common:22.0.1] AndroidManifest.xml:24:13-77
142            android:authorities="com.criczodiac.firebaseinitprovider"
142-->[com.google.firebase:firebase-common:22.0.1] AndroidManifest.xml:25:13-72
143            android:directBootAware="true"
143-->[com.google.firebase:firebase-common:22.0.1] AndroidManifest.xml:26:13-43
144            android:exported="false"
144-->[com.google.firebase:firebase-common:22.0.1] AndroidManifest.xml:27:13-37
145            android:initOrder="100" />
145-->[com.google.firebase:firebase-common:22.0.1] AndroidManifest.xml:28:13-36
146
147        <meta-data
147-->[com.google.android.gms:play-services-basement:18.9.0] AndroidManifest.xml:21:9-23:69
148            android:name="com.google.android.gms.version"
148-->[com.google.android.gms:play-services-basement:18.9.0] AndroidManifest.xml:22:13-58
149            android:value="@integer/google_play_services_version" />
149-->[com.google.android.gms:play-services-basement:18.9.0] AndroidManifest.xml:23:13-66
150
151        <provider
151-->[androidx.emoji2:emoji2:1.2.0] AndroidManifest.xml:24:9-32:20
152            android:name="androidx.startup.InitializationProvider"
152-->[androidx.emoji2:emoji2:1.2.0] AndroidManifest.xml:25:13-67
153            android:authorities="com.criczodiac.androidx-startup"
153-->[androidx.emoji2:emoji2:1.2.0] AndroidManifest.xml:26:13-68
154            android:exported="false" >
154-->[androidx.emoji2:emoji2:1.2.0] AndroidManifest.xml:27:13-37
155            <meta-data
155-->[androidx.emoji2:emoji2:1.2.0] AndroidManifest.xml:29:13-31:52
156                android:name="androidx.emoji2.text.EmojiCompatInitializer"
156-->[androidx.emoji2:emoji2:1.2.0] AndroidManifest.xml:30:17-75
157                android:value="androidx.startup" />
157-->[androidx.emoji2:emoji2:1.2.0] AndroidManifest.xml:31:17-49
158            <meta-data
158-->[androidx.lifecycle:lifecycle-process:2.4.1] AndroidManifest.xml:31:13-33:52
159                android:name="androidx.lifecycle.ProcessLifecycleInitializer"
159-->[androidx.lifecycle:lifecycle-process:2.4.1] AndroidManifest.xml:32:17-78
160                android:value="androidx.startup" />
160-->[androidx.lifecycle:lifecycle-process:2.4.1] AndroidManifest.xml:33:17-49
161        </provider>
162
163        <service
163-->[com.google.android.datatransport:transport-backend-cct:2.3.3] AndroidManifest.xml:29:9-35:19
164            android:name="com.google.android.datatransport.runtime.backends.TransportBackendDiscovery"
164-->[com.google.android.datatransport:transport-backend-cct:2.3.3] AndroidManifest.xml:30:13-103
165            android:exported="false" >
165-->[com.google.android.datatransport:transport-backend-cct:2.3.3] AndroidManifest.xml:31:13-37
166            <meta-data
166-->[com.google.android.datatransport:transport-backend-cct:2.3.3] AndroidManifest.xml:32:13-34:39
167                android:name="backend:com.google.android.datatransport.cct.CctBackendFactory"
167-->[com.google.android.datatransport:transport-backend-cct:2.3.3] AndroidManifest.xml:33:17-94
168                android:value="cct" />
168-->[com.google.android.datatransport:transport-backend-cct:2.3.3] AndroidManifest.xml:34:17-36
169        </service>
170        <service
170-->[com.google.android.datatransport:transport-runtime:2.2.6] AndroidManifest.xml:26:9-30:19
171            android:name="com.google.android.datatransport.runtime.scheduling.jobscheduling.JobInfoSchedulerService"
171-->[com.google.android.datatransport:transport-runtime:2.2.6] AndroidManifest.xml:27:13-117
172            android:exported="false"
172-->[com.google.android.datatransport:transport-runtime:2.2.6] AndroidManifest.xml:28:13-37
173            android:permission="android.permission.BIND_JOB_SERVICE" >
173-->[com.google.android.datatransport:transport-runtime:2.2.6] AndroidManifest.xml:29:13-69
174        </service>
175
176        <receiver
176-->[com.google.android.datatransport:transport-runtime:2.2.6] AndroidManifest.xml:32:9-34:40
177            android:name="com.google.android.datatransport.runtime.scheduling.jobscheduling.AlarmManagerSchedulerBroadcastReceiver"
177-->[com.google.android.datatransport:transport-runtime:2.2.6] AndroidManifest.xml:33:13-132
178            android:exported="false" />
178-->[com.google.android.datatransport:transport-runtime:2.2.6] AndroidManifest.xml:34:13-37
179
180        <meta-data
180-->[com.facebook.soloader:soloader:0.10.5] AndroidManifest.xml:12:9-14:37
181            android:name="com.facebook.soloader.enabled"
181-->[com.facebook.soloader:soloader:0.10.5] AndroidManifest.xml:13:13-57
182            android:value="false" />
182-->[com.facebook.soloader:soloader:0.10.5] AndroidManifest.xml:14:13-34
183    </application>
184
185</manifest>